<?xml version="1.0" encoding="UTF-8"?>
<!-- Generated by org.testng.reporters.JUnitReportReporter -->
<testsuite hostname="Igors-MacBook-Pro.local" failures="0" tests="1" name="bdd.TestRunner" time="10.876" errors="0" timestamp="2020-05-19T18:49:31 IDT" skipped="0">
  <testcase classname="bdd.TestRunner" name="runScenario" time="10.876"/>
  <system-out/>
</testsuite> <!-- bdd.TestRunner -->
